SpecialFocus/proguard/seeds.txt
com.sepcialfocus.android.BaseApplication
com.sepcialfocus.android.BaseApplication: BaseApplication()
com.sepcialfocus.android.BaseFragmentActivity: BaseFragmentActivity()
com.sepcialfocus.android.R$anim: int pic_enter_anim_alpha
com.sepcialfocus.android.R$array: int menu_str
com.sepcialfocus.android.R$array: int menu_url
com.sepcialfocus.android.R$array: int umeng_fb_contact_key_array
com.sepcialfocus.android.R$array: int umeng_fb_contact_type_array
com.sepcialfocus.android.R$array: int umeng_fb_tabs_title
com.sepcialfocus.android.R$attr: int loadingText
com.sepcialfocus.android.R$attr: int loadingTextAppearance
com.sepcialfocus.android.R$attr: int rightPadding
com.sepcialfocus.android.R$attr: int swipeActionLeft
com.sepcialfocus.android.R$attr: int swipeActionRight
com.sepcialfocus.android.R$attr: int swipeAnimationTime
com.sepcialfocus.android.R$attr: int swipeBackView
com.sepcialfocus.android.R$attr: int swipeCloseAllItemsWhenMoveList
com.sepcialfocus.android.R$attr: int swipeDrawableChecked
com.sepcialfocus.android.R$attr: int swipeDrawableUnchecked
com.sepcialfocus.android.R$attr: int swipeFrontView
com.sepcialfocus.android.R$attr: int swipeIsAutoLoadOnBottom
com.sepcialfocus.android.R$attr: int swipeIsDropDownStyle
com.sepcialfocus.android.R$attr: int swipeIsOnBottomStyle
com.sepcialfocus.android.R$attr: int swipeMode
com.sepcialfocus.android.R$attr: int swipeOffsetLeft
com.sepcialfocus.android.R$attr: int swipeOffsetRight
com.sepcialfocus.android.R$attr: int swipeOpenOnLongPress
com.sepcialfocus.android.R$color: int app_bg_color
com.sepcialfocus.android.R$color: int app_color
com.sepcialfocus.android.R$color: int app_color_theme
com.sepcialfocus.android.R$color: int app_divider_c8
com.sepcialfocus.android.R$color: int app_divider_color
com.sepcialfocus.android.R$color: int app_divider_d7
com.sepcialfocus.android.R$color: int app_divider_green_color
com.sepcialfocus.android.R$color: int app_gray
com.sepcialfocus.android.R$color: int app_shouye_bg_color
com.sepcialfocus.android.R$color: int app_shouye_color
com.sepcialfocus.android.R$color: int black
com.sepcialfocus.android.R$color: int blank
com.sepcialfocus.android.R$color: int blue
com.sepcialfocus.android.R$color: int circle
com.sepcialfocus.android.R$color: int common_divider_color
com.sepcialfocus.android.R$color: int default_text
com.sepcialfocus.android.R$color: int default_text_night
com.sepcialfocus.android.R$color: int dialog_bg
com.sepcialfocus.android.R$color: int divideline_gray
com.sepcialfocus.android.R$color: int diving_gray
com.sepcialfocus.android.R$color: int drop_down_list_footer_font_color
com.sepcialfocus.android.R$color: int drop_down_list_header_font_color
com.sepcialfocus.android.R$color: int drop_down_list_header_second_font_color
com.sepcialfocus.android.R$color: int green
com.sepcialfocus.android.R$color: int guide_login_back
com.sepcialfocus.android.R$color: int has_read_text_color
com.sepcialfocus.android.R$color: int micro_series_bg
...
net.youmi.android.b.b.g.f.b
net.youmi.android.b.b.g.f.b: b()
net.youmi.android.b.b.g.f.b: void a(android.content.Context,net.youmi.android.b.b.g.a.d,net.youmi.android.b.b.g.e.a,net.youmi.android.b.b.g.d.e)
net.youmi.android.b.b.g.f.c
net.youmi.android.b.b.g.f.c: c()
net.youmi.android.b.b.g.f.c: void a(android.content.Context,net.youmi.android.b.b.g.a.d,net.youmi.android.b.b.g.e.a,net.youmi.android.b.b.g.d.e)
net.youmi.android.b.b.g.f.d
net.youmi.android.b.b.g.f.d: d()
net.youmi.android.b.b.g.f.d: void a(android.content.Context,net.youmi.android.b.b.g.a.d,net.youmi.android.b.b.g.e.a,net.youmi.android.b.b.g.d.e)
net.youmi.android.b.b.g.f.e
net.youmi.android.b.b.g.f.e: e()
net.youmi.android.b.b.g.f.e: void a(android.content.Context,net.youmi.android.b.b.g.a.d,net.youmi.android.b.b.g.e.a,net.youmi.android.b.b.g.d.e)
net.youmi.android.b.b.g.f.f
net.youmi.android.b.b.g.f.f: long e
net.youmi.android.b.b.g.f.f: boolean f
net.youmi.android.b.b.g.f.f: long d
net.youmi.android.b.b.g.f.f: f()
net.youmi.android.b.b.g.f.f: void a(android.content.Context,net.youmi.android.b.b.g.a.d,net.youmi.android.b.b.g.e.a,net.youmi.android.b.b.g.d.e)
net.youmi.android.b.b.g.f.g
net.youmi.android.b.b.g.f.g: g()
net.youmi.android.b.b.g.f.g: void a(android.content.Context,net.youmi.android.b.b.g.a.d,net.youmi.android.b.b.g.e.a,net.youmi.android.b.b.g.d.e)
net.youmi.android.b.b.g.f.h
net.youmi.android.b.b.g.f.h: long d
net.youmi.android.b.b.g.f.h: int e
net.youmi.android.b.b.g.f.h: boolean f
net.youmi.android.b.b.g.f.h: h()
net.youmi.android.b.b.g.f.h: void a(android.content.Context,net.youmi.android.b.b.g.a.d,net.youmi.android.b.b.g.e.a,net.youmi.android.b.b.g.d.e)
net.youmi.android.b.b.g.f.i
net.youmi.android.b.b.g.f.i: i()
net.youmi.android.b.b.g.f.i: void a(android.content.Context,net.youmi.android.b.b.g.a.d,net.youmi.android.b.b.g.e.a,net.youmi.android.b.b.g.d.e)
net.youmi.android.b.b.g.g.a
net.youmi.android.b.b.g.g.a: net.youmi.android.b.b.g.d.f a
net.youmi.android.b.b.g.g.a: java.lang.String b
net.youmi.android.b.b.g.g.a: java.lang.String c
net.youmi.android.b.b.g.g.a: boolean d
net.youmi.android.b.b.g.g.a: a(android.content.Context,net.youmi.android.b.b.g.d.f,java.lang.String,java.lang.String)
net.youmi.android.b.b.g.g.a: void a()
net.youmi.android.b.b.g.g.a: void b()
net.youmi.android.b.b.g.g.a: void onDownloadStart(java.lang.String,java.lang.String,java.lang.String,java.lang.String,long)
net.youmi.android.b.b.g.g.a: void run()
net.youmi.android.b.b.g.g.b
net.youmi.android.b.b.g.g.b: b()
net.youmi.android.b.b.g.g.b: boolean onJsAlert(android.webkit.WebView,java.lang.String,java.lang.String,android.webkit.JsResult)
net.youmi.android.b.b.g.g.b: boolean onJsConfirm(android.webkit.WebView,java.lang.String,java.lang.String,android.webkit.JsResult)
net.youmi.android.b.b.g.g.b: boolean onJsPrompt(android.webkit.WebView,java.lang.String,java.lang.String,java.lang.String,android.webkit.JsPromptResult)
net.youmi.android.b.b.g.g.c
net.youmi.android.b.b.g.g.c: c()
net.youmi.android.b.b.g.g.c: boolean shouldOverrideUrlLoading(android.webkit.WebView,java.lang.String)
net.youmi.android.b.b.g.g.c: void onReceivedError(android.webkit.WebView,int,java.lang.String,java.lang.String)
net.youmi.android.b.b.h.a
net.youmi.android.b.b.h.a.a
net.youmi.android.b.b.h.a.a: int a
net.youmi.android.b.b.h.a.a: boolean b
net.youmi.android.b.b.h.a.a: int c
net.youmi.android.b.b.h.a.a: a()
net.youmi.android.b.b.h.a.a: java.lang.String toString()
net.youmi.android.b.b.h.b
net.youmi.android.b.b.h.b: java.lang.String a(java.lang.String)
net.youmi.android.b.b.h.b: java.lang.String a(java.lang.String,java.lang.String)
net.youmi.android.b.b.h.b: java.lang.String a(java.lang.String,java.lang.String,java.lang.String)
net.youmi.android.b.b.h.b: java.lang.String a(byte[],java.lang.String)