SpecialFocus/proguard/mapping.txt
com.sepcialfocus.android.BaseApplication -> com.sepcialfocus.android.BaseApplication:
    com.sepcialfocus.android.BaseApplication globalContext -> a
    void onCreate() -> onCreate
    boolean saveObject(java.io.Serializable,java.lang.String) -> a
    java.io.Serializable readObject(java.lang.String) -> a
    boolean isExistDataCache(java.lang.String) -> b
    boolean isNetworkConnected() -> a
com.sepcialfocus.android.BaseFragment -> com.sepcialfocus.android.a:
    android.widget.RelativeLayout mLoadingLayout -> a
    void setLoadingVisible(boolean) -> a
com.sepcialfocus.android.BaseFragmentActivity -> com.sepcialfocus.android.b:
    android.widget.RelativeLayout mLoadingLayout -> a
    void initView() -> a
    void setLoadingVisible(boolean) -> a
    void onPause() -> onPause
    void onResume() -> onResume
com.sepcialfocus.android.R -> com.sepcialfocus.android.c:
com.sepcialfocus.android.R$styleable -> com.sepcialfocus.android.d:
    int[] LoadingView -> LoadingView
    int LoadingView_loadingText -> LoadingView_loadingText
    int LoadingView_loadingTextAppearance -> LoadingView_loadingTextAppearance
    int[] SlidingMenu -> SlidingMenu
    int SlidingMenu_rightPadding -> SlidingMenu_rightPadding
    int[] SwipeListView -> SwipeListView
    int SwipeListView_swipeActionLeft -> SwipeListView_swipeActionLeft
    int SwipeListView_swipeActionRight -> SwipeListView_swipeActionRight
    int SwipeListView_swipeAnimationTime -> SwipeListView_swipeAnimationTime
    int SwipeListView_swipeBackView -> SwipeListView_swipeBackView
    int SwipeListView_swipeCloseAllItemsWhenMoveList -> SwipeListView_swipeCloseAllItemsWhenMoveList
    int SwipeListView_swipeDrawableChecked -> SwipeListView_swipeDrawableChecked
    int SwipeListView_swipeDrawableUnchecked -> SwipeListView_swipeDrawableUnchecked
    int SwipeListView_swipeFrontView -> SwipeListView_swipeFrontView
    int SwipeListView_swipeIsAutoLoadOnBottom -> SwipeListView_swipeIsAutoLoadOnBottom
    int SwipeListView_swipeIsDropDownStyle -> SwipeListView_swipeIsDropDownStyle
    int SwipeListView_swipeIsOnBottomStyle -> SwipeListView_swipeIsOnBottomStyle
    int SwipeListView_swipeMode -> SwipeListView_swipeMode
    int SwipeListView_swipeOffsetLeft -> SwipeListView_swipeOffsetLeft
    int SwipeListView_swipeOffsetRight -> SwipeListView_swipeOffsetRight
com.sepcialfocus.android.bean.ArticleItemBean -> com.sepcialfocus.android.bean.ArticleItemBean:
    java.lang.String md5 -> md5
    java.lang.String title -> title
    java.lang.String date -> date
    java.lang.String imgUrl -> imgUrl
    java.lang.String url -> url
    java.lang.String tagUrl -> tagUrl
    java.util.ArrayList tags -> tags
    java.lang.String summary -> summary
    int category -> category
    boolean hasReadFlag -> hasReadFlag
    boolean hasFavor -> hasFavor
    boolean isHasFavor() -> isHasFavor
    void setHasFavor(boolean) -> setHasFavor
    java.lang.String getMd5() -> getMd5
    void setMd5(java.lang.String) -> setMd5
    java.lang.String getTitle() -> getTitle
    void setTitle(java.lang.String) -> setTitle
    java.lang.String getDate() -> getDate
    void setDate(java.lang.String) -> setDate
    java.lang.String getImgUrl() -> getImgUrl
    void setImgUrl(java.lang.String) -> setImgUrl
    java.lang.String getUrl() -> getUrl
    void setUrl(java.lang.String) -> setUrl
    java.lang.String getTagUrl() -> getTagUrl
    void setTagUrl(java.lang.String) -> setTagUrl
    java.util.ArrayList getTags() -> getTags
    void setTags(java.util.ArrayList) -> setTags
    java.lang.String getSummary() -> getSummary
    void setSummary(java.lang.String) -> setSummary
    boolean isHasReadFlag() -> isHasReadFlag
    void setHasReadFlag(boolean) -> setHasReadFlag
    int getCategory() -> getCategory
    void setCategory(int) -> setCategory
...
net.youmi.android.b.b.f.g -> net.youmi.android.b.b.f.g:
    int a -> a
    net.youmi.android.b.b.f.h b -> b
    java.util.List[] c -> c
    net.youmi.android.b.b.f.i d -> d
    byte[] e -> e
    byte[] a() -> a
    byte[] a(net.youmi.android.b.b.f.e,int) -> a
    net.youmi.android.b.b.f.j a(net.youmi.android.b.b.f.j,net.youmi.android.b.b.f.j) -> a
    void a(net.youmi.android.b.b.f.i,int) -> a
    byte[] b() -> b
net.youmi.android.b.b.f.h -> net.youmi.android.b.b.f.h:
    int b -> b
    int c -> c
    int[] d -> d
    java.util.Random e -> e
    net.youmi.android.b.b.f.g a -> a
    void a(net.youmi.android.b.b.f.f) -> a
    int a() -> a
    int a(int) -> a
    java.lang.Object clone() -> clone
    void b(int) -> b
net.youmi.android.b.b.f.i -> net.youmi.android.b.b.f.i:
    net.youmi.android.b.b.f.j a -> a
    net.youmi.android.b.b.f.g b -> b
    void a(net.youmi.android.b.b.f.f,int,net.youmi.android.b.b.f.b) -> a
net.youmi.android.b.b.f.j -> net.youmi.android.b.b.f.j:
    byte[] c -> c
    long d -> d
    net.youmi.android.b.b.f.j a -> a
    net.youmi.android.b.b.f.j b -> b
    byte[] e -> e
    byte[] f -> f
    java.text.DecimalFormat g -> g
    void a(byte[],int,int) -> a
    net.youmi.android.b.b.f.j a(java.lang.String) -> a
    net.youmi.android.b.b.f.j a(java.lang.String,net.youmi.android.b.b.f.j) -> a
    void b(net.youmi.android.b.b.f.j,net.youmi.android.b.b.f.j) -> b
    int a(int) -> a
    int c() -> c
    void b(int) -> b
    void a(int,int) -> a
    int a() -> a
    void a(java.lang.String,byte[],int,int) -> a
    void b(byte[],int,int) -> b
    boolean b() -> b
    net.youmi.android.b.b.f.j a(net.youmi.android.b.b.f.j,net.youmi.android.b.b.f.j) -> a
    void a(net.youmi.android.b.b.f.f,net.youmi.android.b.b.f.b) -> a
    java.lang.String toString() -> toString
    java.lang.String a(boolean) -> a
    java.lang.String a(byte[],int) -> a
net.youmi.android.b.b.f.k -> net.youmi.android.b.b.f.k:
    java.lang.String[] a -> a
    net.youmi.android.b.b.f.j[] b -> b
    int c -> c
    net.youmi.android.b.b.f.k d -> d
    void a(java.lang.String,java.util.List) -> a
    void b(java.lang.String,java.util.List) -> b
    void a(java.util.List,java.util.List) -> a
    boolean d() -> d
    boolean e() -> e
    void f() -> f
    java.lang.String a() -> a
    net.youmi.android.b.b.f.k b() -> b
    void c() -> c
net.youmi.android.b.b.f.l -> net.youmi.android.b.b.f.l:
    java.net.InetSocketAddress a -> a
    java.net.InetSocketAddress b -> b
    long c -> c
    java.lang.String d -> d
    int e -> e
    net.youmi.android.b.b.f.g a(byte[]) -> a
    int b(net.youmi.android.b.b.f.g) -> b
    net.youmi.android.b.b.f.g a(net.youmi.android.b.b.f.g) -> a
net.youmi.android.b.b.f.m -> net.youmi.android.b.b.f.m:
    java.security.SecureRandom c -> c
    boolean d -> d
    boolean e -> e
    void a(java.net.InetSocketAddress) -> a
    void a(java.net.SocketAddress) -> a
    void b(java.net.SocketAddress) -> b
    void a(byte[]) -> a
    byte[] a(int) -> a
    byte[] a(java.net.SocketAddress,java.net.SocketAddress,byte[],int,long) -> a
    java.security.SecureRandom b() -> b
    boolean a(boolean) -> a
net.youmi.android.b.b.f.n -> net.youmi.android.b.b.f.n:
    void run() -> run