SpecialFocus/proguard/usage.txt
com.sepcialfocus.android.BaseFragment:
    protected android.widget.RelativeLayout mNoNetLayout
    protected abstract void initView()
    66:75:protected void setNoNetVisible(boolean)
com.sepcialfocus.android.BaseFragmentActivity:
    protected android.widget.RelativeLayout mNoNetLayout
    68:77:protected void setNoNetVisible(boolean)
com.sepcialfocus.android.BuildConfig
com.sepcialfocus.android.R:
    10:10:public R()
com.sepcialfocus.android.R$anim
com.sepcialfocus.android.R$array
com.sepcialfocus.android.R$attr
com.sepcialfocus.android.R$color
com.sepcialfocus.android.R$dimen
com.sepcialfocus.android.R$drawable
com.sepcialfocus.android.R$id
com.sepcialfocus.android.R$layout
com.sepcialfocus.android.R$string
com.sepcialfocus.android.R$style
com.sepcialfocus.android.R$styleable:
    606:606:public R$styleable()
com.sepcialfocus.android.configs.AppConfig
com.sepcialfocus.android.configs.AppConstant
com.sepcialfocus.android.configs.URLs
com.sepcialfocus.android.parse.Hle
com.sepcialfocus.android.parse.specialfocus.ArticleItemListParse:
    37:37:public ArticleItemListParse()
com.sepcialfocus.android.parse.specialfocus.ArticleItemPagesParse:
    35:35:public ArticleItemPagesParse()
com.sepcialfocus.android.share.CustomShareContent
com.sepcialfocus.android.ui.WelcomeActivity:
    91:116:public static java.lang.String getDeviceInfo(android.content.Context)
com.sepcialfocus.android.ui.adapter.ArticleFragmentPagerAdapter:
    54:57:public ArticleFragmentPagerAdapter(android.support.v4.app.FragmentManager,java.util.ArrayList)
    60:65:public void appendList(java.util.ArrayList)
com.sepcialfocus.android.ui.adapter.ArticleListAdapter$ViewHolder:
    android.widget.TextView mArticleLabelTv
com.sepcialfocus.android.ui.adapter.DragAdapter:
    private static final java.lang.String TAG
    132:132:public java.util.List getChannnelLst()
    151:152:public void setListDate(java.util.List)
    156:156:public boolean isVisible()
    161:161:public boolean isListChanged()
com.sepcialfocus.android.ui.adapter.DragNavAdapter:
    39:42:public DragNavAdapter(android.content.Context,java.util.ArrayList)
com.sepcialfocus.android.ui.adapter.HistoryListAdapter$ViewHolder:
    android.widget.TextView mArticleLabelTv
com.sepcialfocus.android.ui.adapter.MainPagerAdapter
com.sepcialfocus.android.ui.adapter.NavAdapter
com.sepcialfocus.android.ui.adapter.NavAdapter$ViewHolder
com.sepcialfocus.android.ui.adapter.OtherAdapter:
    82:82:public java.util.List getChannnelLst()
    107:108:public void setListDate(java.util.List)
    112:112:public boolean isVisible()
com.sepcialfocus.android.ui.article.ArticleDbFragment:
    138:147:public void notifyData(com.sepcialfocus.android.bean.NavBean)
com.sepcialfocus.android.ui.article.ArticleDbFragment$Loadhtml:
    org.jsoup.nodes.Document doc
com.sepcialfocus.android.ui.article.ArticleFragment:
    168:177:public void notifyData(com.sepcialfocus.android.bean.NavBean)
com.sepcialfocus.android.ui.settting.DragSortMenuActivity:
    com.sepcialfocus.android.ui.widget.DragGridView mDragGridView
com.sepcialfocus.android.ui.settting.MineActivity:
    android.widget.RelativeLayout mSystemMsgRl
    android.widget.RelativeLayout mShareRl
    android.widget.RelativeLayout mAboutUsRl
    android.widget.RelativeLayout mSettingRl
com.sepcialfocus.android.ui.widget.DragGridView:
    private static final int speed
...
u.aly.bd:
    private static final int r
    private static final int s
    private static final int t
    171:179:public bd(java.lang.String,long,long,long)
    184:209:public bd(u.aly.bd)
    212:212:public u.aly.bd a()
    217:227:public void b()
    230:230:public java.lang.String c()
    239:240:public void d()
    244:244:public boolean e()
    254:254:public long f()
    264:265:public void h()
    277:277:public long j()
    287:288:public void k()
    300:300:public long m()
    310:311:public void n()
    327:327:public java.util.Iterator q()
    331:335:public void a(u.aly.ay)
    338:338:public java.util.List r()
    347:348:public void s()
    362:362:public int u()
    366:366:public java.util.Iterator v()
    377:377:public java.util.List w()
    386:387:public void x()
    401:401:public u.aly.be z()
    410:411:public void A()
    425:425:public u.aly.bd$e a(int)
    510:514:private void a(java.io.ObjectOutputStream)
    519:524:private void a(java.io.ObjectInputStream)
    32:32:public synthetic u.aly.bz g()
    32:32:public synthetic u.aly.cg b(int)
u.aly.bd$e:
    79:95:public static u.aly.bd$e a(int)
    104:106:public static u.aly.bd$e b(int)
    113:113:public static u.aly.bd$e a(java.lang.String)
u.aly.be:
    private static final int h
    private static final int i
    130:135:public be(int,int)
    140:144:public be(u.aly.be)
    147:147:public u.aly.be a()
    152:156:public void b()
    159:159:public int c()
    169:170:public void d()
    182:182:public int f()
    192:193:public void h()
    205:205:public u.aly.be$e d(int)
    241:245:private void a(java.io.ObjectOutputStream)
    250:255:private void a(java.io.ObjectInputStream)
    32:32:public synthetic u.aly.bz g()
    32:32:public synthetic u.aly.cg b(int)
u.aly.be$e:
    64:70:public static u.aly.be$e a(int)
    79:81:public static u.aly.be$e b(int)
    88:88:public static u.aly.be$e a(java.lang.String)
u.aly.bf:
    181:186:public bf(u.aly.aj,u.aly.ai,u.aly.ak,u.aly.ax)
    191:227:public bf(u.aly.bf)
    230:230:public u.aly.bf a()
    235:244:public void b()
    247:247:public u.aly.aj c()
    256:257:public void d()
    261:261:public boolean e()
    271:271:public u.aly.ai f()
    280:281:public void h()
    285:285:public boolean i()
    295:295:public u.aly.ak j()
    304:305:public void k()
    309:309:public boolean l()
    319:319:public u.aly.ax m()
    328:329:public void n()
    333:333:public boolean o()
    343:343:public u.aly.ah p()
    352:353:public void q()
    371:371:public java.util.Iterator t()
    386:387:public u.aly.bf a(java.util.List)
    391:392:public void v()
    406:406:public int x()
    410:410:public java.util.Iterator y()
    425:426:public u.aly.bf b(java.util.List)
    430:431:public void A()
    445:445:public u.aly.at C()
    454:455:public void D()
    469:469:public u.aly.as F()
    478:479:public void G()
    493:493:public u.aly.bf$e a(int)
    634:638:private void a(java.io.ObjectOutputStream)
    642:646:private void a(java.io.ObjectInputStream)
    32:32:public synthetic u.aly.bz g()
    32:32:public synthetic u.aly.cg b(int)
u.aly.bf$e:
    85:105:public static u.aly.bf$e a(int)
    114:116:public static u.aly.bf$e b(int)
    123:123:public static u.aly.bf$e a(java.lang.String)
u.aly.bg:
    private static final int l
    151:163:public bg(u.aly.bg)
    166:166:public u.aly.bg a()
    171:176:public void b()
    183:183:public u.aly.ap c()
    196:197:public void d()
    211:211:public int f()
    221:222:public void h()
    234:234:public java.lang.String j()
    243:244:public void k()
    258:258:public java.lang.String m()
    267:268:public void n()
    282:282:public u.aly.bg$e c(int)
    344:348:private void a(java.io.ObjectOutputStream)
    353:358:private void a(java.io.ObjectInputStream)
    32:32:public synthetic u.aly.bz g()
    32:32:public synthetic u.aly.cg b(int)